# JRE version: OpenJDK Runtime Environment (21.0.3) (build 21.0.3+-12282718-b509.11)
# Java VM: OpenJDK 64-Bit Server VM (21.0.3+-12282718-b509.11, mixed mode, tiered, compressed oops, compressed class ptrs, g1 gc, windows-amd64)
GC Precious Log:
 CardTable entry size: 512
 Card Set container configuration: InlinePtr #cards 4 size 8 Array Of Cards #cards 32 size 80 Howl #buckets 8 coarsen threshold 7372 Howl Bitmap #cards 1024 size 144 coarsen threshold 921 Card regions per heap region 1 cards per card region 8192
 CPUs: 4 total, 4 available
 Memory: 8088M
 Large Page Support: Disabled
 NUMA Support: Disabled
 Compressed Oops: Enabled (Zero based)
 Heap Region Size: 4M
 Heap Min Capacity: 8M
 Heap Initial Capacity: 128M
 Heap Max Capacity: 8G
 Pre-touch: Disabled
 Parallel Workers: 4
 Concurrent Workers: 1
 Concurrent Refinement Workers: 4
 Periodic GC: Disabled
Heap:
 garbage-first heap   total 1183744K, used 318593K [0x0000000600000000, 0x0000000800000000)
  region size 4096K, 2 young (8192K), 2 survivors (8192K)
 Metaspace       used 191570K, committed 194304K, reserved 1245184K
  class space    used 25005K, committed 26368K, reserved 1048576K
GC Heap History (20 events):
Event: 210.774 GC heap after
{Heap after GC invocations=86 (full 0):
 garbage-first heap   total 622592K, used 320630K [0x0000000600000000, 0x0000000800000000)
  region size 4096K, 2 young (8192K), 2 survivors (8192K)
 Metaspace       used 191105K, committed 193856K, reserved 1245184K
  class space    used 24971K, committed 26368K, reserved 1048576K
}
Event: 211.514 GC heap before
{Heap before GC invocations=86 (full 0):
 garbage-first heap   total 622592K, used 562294K [0x0000000600000000, 0x0000000800000000)
  region size 4096K, 61 young (249856K), 2 survivors (8192K)
 Metaspace       used 191174K, committed 193920K, reserved 1245184K
  class space    used 24975K, committed 26368K, reserved 1048576K
}
Event: 211.526 GC heap after
{Heap after GC invocations=87 (full 0):
 garbage-first heap   total 622592K, used 321660K [0x0000000600000000, 0x0000000800000000)
  region size 4096K, 2 young (8192K), 2 survivors (8192K)
 Metaspace       used 191174K, committed 193920K, reserved 1245184K
  class space    used 24975K, committed 26368K, reserved 1048576K
}
Event: 213.071 GC heap before
{Heap before GC invocations=88 (full 0):
 garbage-first heap   total 622592K, used 571516K [0x0000000600000000, 0x0000000800000000)
  region size 4096K, 63 young (258048K), 2 survivors (8192K)
 Metaspace       used 191201K, committed 193920K, reserved 1245184K
  class space    used 24979K, committed 26368K, reserved 1048576K
}
Event: 213.087 GC heap after
{Heap after GC invocations=89 (full 0):
 garbage-first heap   total 622592K, used 322209K [0x0000000600000000, 0x0000000800000000)
  region size 4096K, 2 young (8192K), 2 survivors (8192K)
 Metaspace       used 191201K, committed 193920K, reserved 1245184K
  class space    used 24979K, committed 26368K, reserved 1048576K
}
Event: 213.704 GC heap before
{Heap before GC invocations=89 (full 0):
 garbage-first heap   total 622592K, used 576161K [0x0000000600000000, 0x0000000800000000)
  region size 4096K, 64 young (262144K), 2 survivors (8192K)
 Metaspace       used 191226K, committed 193984K, reserved 1245184K
  class space    used 24984K, committed 26368K, reserved 1048576K
}
Event: 213.746 GC heap after
{Heap after GC invocations=90 (full 0):
 garbage-first heap   total 1183744K, used 294081K [0x0000000600000000, 0x0000000800000000)
  region size 4096K, 3 young (12288K), 3 survivors (12288K)
 Metaspace       used 191226K, committed 193984K, reserved 1245184K
  class space    used 24984K, committed 26368K, reserved 1048576K
}
Event: 219.019 GC heap before
{Heap before GC invocations=90 (full 0):
 garbage-first heap   total 1183744K, used 986305K [0x0000000600000000, 0x0000000800000000)
  region size 4096K, 173 young (708608K), 3 survivors (12288K)
 Metaspace       used 191241K, committed 193984K, reserved 1245184K
  class space    used 24984K, committed 26368K, reserved 1048576K
}
Event: 219.070 GC heap after
{Heap after GC invocations=91 (full 0):
 garbage-first heap   total 1183744K, used 298671K [0x0000000600000000, 0x0000000800000000)
  region size 4096K, 4 young (16384K), 4 survivors (16384K)
 Metaspace       used 191241K, committed 193984K, reserved 1245184K
  class space    used 24984K, committed 26368K, reserved 1048576K
}
Event: 223.324 GC heap before
{Heap before GC invocations=91 (full 0):
 garbage-first heap   total 1183744K, used 994991K [0x0000000600000000, 0x0000000800000000)
  region size 4096K, 173 young (708608K), 4 survivors (16384K)
 Metaspace       used 191489K, committed 194240K, reserved 1245184K
  class space    used 24999K, committed 26368K, reserved 1048576K
}
Event: 227.528 GC heap after
{Heap after GC invocations=92 (full 0):
 garbage-first heap   total 1183744K, used 307403K [0x0000000600000000, 0x0000000800000000)
  region size 4096K, 6 young (24576K), 6 survivors (24576K)
 Metaspace       used 191489K, committed 194240K, reserved 1245184K
  class space    used 24999K, committed 26368K, reserved 1048576K
}
Event: 227.702 GC heap before
{Heap before GC invocations=92 (full 0):
 garbage-first heap   total 1183744K, used 340171K [0x0000000600000000, 0x0000000800000000)
  region size 4096K, 14 young (57344K), 6 survivors (24576K)
 Metaspace       used 191489K, committed 194240K, reserved 1245184K
  class space    used 24999K, committed 26368K, reserved 1048576K
}
Event: 227.760 GC heap after
{Heap after GC invocations=93 (full 0):
 garbage-first heap   total 1183744K, used 309434K [0x0000000600000000, 0x0000000800000000)
  region size 4096K, 1 young (4096K), 1 survivors (4096K)
 Metaspace       used 191489K, committed 194240K, reserved 1245184K
  class space    used 24999K, committed 26368K, reserved 1048576K
}
Event: 229.126 GC heap before
{Heap before GC invocations=93 (full 0):
 garbage-first heap   total 1183744K, used 587962K [0x0000000600000000, 0x0000000800000000)
  region size 4096K, 69 young (282624K), 1 survivors (4096K)
 Metaspace       used 191495K, committed 194240K, reserved 1245184K
  class space    used 24999K, committed 26368K, reserved 1048576K
}
Event: 229.131 GC heap after
{Heap after GC invocations=94 (full 0):
 garbage-first heap   total 1183744K, used 307957K [0x0000000600000000, 0x0000000800000000)
  region size 4096K, 1 young (4096K), 1 survivors (4096K)
 Metaspace       used 191495K, committed 194240K, reserved 1245184K
  class space    used 24999K, committed 26368K, reserved 1048576K
}
Event: 229.811 GC heap before
{Heap before GC invocations=94 (full 0):
 garbage-first heap   total 1183744K, used 410357K [0x0000000600000000, 0x0000000800000000)
  region size 4096K, 26 young (106496K), 1 survivors (4096K)
 Metaspace       used 191539K, committed 194240K, reserved 1245184K
  class space    used 25003K, committed 26368K, reserved 1048576K
}
Event: 229.822 GC heap after
{Heap after GC invocations=95 (full 0):
 garbage-first heap   total 1183744K, used 309083K [0x0000000600000000, 0x0000000800000000)
  region size 4096K, 1 young (4096K), 1 survivors (4096K)
 Metaspace       used 191539K, committed 194240K, reserved 1245184K
  class space    used 25003K, committed 26368K, reserved 1048576K
}
Event: 230.576 GC heap before
{Heap before GC invocations=95 (full 0):
 garbage-first heap   total 1183744K, used 362331K [0x0000000600000000, 0x0000000800000000)
  region size 4096K, 14 young (57344K), 1 survivors (4096K)
 Metaspace       used 191555K, committed 194240K, reserved 1245184K
  class space    used 25004K, committed 26368K, reserved 1048576K
}
Event: 230.592 GC heap after
{Heap after GC invocations=96 (full 0):
 garbage-first heap   total 1183744K, used 313357K [0x0000000600000000, 0x0000000800000000)
  region size 4096K, 2 young (8192K), 2 survivors (8192K)
 Metaspace       used 191555K, committed 194240K, reserved 1245184K
  class space    used 25004K, committed 26368K, reserved 1048576K
}
Event: 232.023 GC heap before
{Heap before GC invocations=96 (full 0):
 garbage-first heap   total 1183744K, used 362509K [0x0000000600000000, 0x0000000800000000)
  region size 4096K, 14 young (57344K), 2 survivors (8192K)
 Metaspace       used 191570K, committed 194304K, reserved 1245184K
  class space    used 25005K, committed 26368K, reserved 1048576K
}

